2016-08-15 17:25:10 - INFO - parse process start!
2016-08-15 17:25:10 - INFO - data read process start!
2016-08-15 17:25:10 - INFO - begin to sync monitor info
2016-08-15 17:25:10 - INFO - data write process start!
2016-08-15 17:25:10 - INFO - newest log time is 2016-07-22 11:16:00, current log time is 1970-01-01 08:00:00
2016-08-15 17:25:10 - INFO - sync monitor success
2016-08-15 17:25:10 - INFO - get realtime records : 12977
2016-08-15 17:25:26 - INFO - newest log time is 2016-07-22 11:16:00, current log time is 1970-01-01 08:00:00
2016-08-15 17:25:26 - INFO - get realtime records : 6345
2016-08-15 17:25:42 - INFO - newest log time is 2016-07-22 11:16:00, current log time is 2016-07-21 00:00:16
2016-08-15 17:25:42 - INFO - get realtime records : 6343
2016-08-15 17:25:58 - INFO - newest log time is 2016-07-22 11:16:00, current log time is 2016-07-21 00:34:30
2016-08-15 17:25:58 - INFO - get realtime records : 6324
2016-08-15 17:26:14 - INFO - newest log time is 2016-07-22 11:16:00, current log time is 2016-07-21 01:26:15
2016-08-15 17:26:14 - INFO - get realtime records : 7421
2016-08-15 17:26:31 - INFO - newest log time is 2016-07-22 11:16:00, current log time is 2016-07-21 02:19:35
2016-08-15 17:26:31 - INFO - get realtime records : 6174
2016-08-15 17:26:47 - INFO - newest log time is 2016-07-22 11:16:00, current log time is 2016-07-21 03:12:25
2016-08-15 17:26:47 - INFO - get realtime records : 6190
2016-08-15 17:27:04 - INFO - newest log time is 2016-07-22 11:16:00, current log time is 2016-07-21 04:03:58
2016-08-15 17:27:04 - INFO - get realtime records : 6126
2016-08-15 17:27:20 - INFO - newest log time is 2016-07-22 11:16:00, current log time is 2016-07-21 04:57:18
2016-08-15 17:27:20 - INFO - get realtime records : 5862
2016-08-15 17:27:36 - INFO - newest log time is 2016-07-22 11:16:00, current log time is 2016-07-21 05:44:17
2016-08-15 17:27:36 - INFO - get realtime records : 5742
2016-08-15 17:27:52 - INFO - newest log time is 2016-07-22 11:16:00, current log time is 2016-07-21 06:37:36
2016-08-15 17:27:52 - INFO - get realtime records : 0
2016-08-15 17:27:52 - INFO - newest log time is 2016-07-22 11:16:00, current log time is 2016-07-21 06:37:38
2016-08-15 17:27:52 - INFO - get realtime records : 0
2016-08-15 17:27:52 - INFO - newest log time is 2016-07-22 11:16:00, current log time is 2016-07-21 06:37:38
2016-08-15 17:27:53 - INFO - get realtime records : 4966
2016-08-15 17:28:09 - INFO - newest log time is 2016-07-22 11:16:00, current log time is 2016-07-21 07:29:57
2016-08-15 17:28:09 - INFO - get realtime records : 6819
2016-08-15 17:28:25 - INFO - newest log time is 2016-07-22 11:16:00, current log time is 2016-07-21 08:24:26
2016-08-15 17:28:25 - INFO - get realtime records : 6797
2016-08-15 17:28:42 - INFO - newest log time is 2016-07-22 11:16:00, current log time is 2016-07-21 09:19:48
2016-08-15 17:28:42 - INFO - get realtime records : 6503
2016-08-15 17:28:58 - INFO - newest log time is 2016-07-22 11:16:00, current log time is 2016-07-21 10:06:13
2016-08-15 17:28:58 - INFO - get realtime records : 6499
2016-08-15 17:29:14 - INFO - newest log time is 2016-07-22 11:16:00, current log time is 2016-07-21 13:26:36
2016-08-15 17:29:14 - INFO - get realtime records : 6502
2016-08-15 17:29:30 - INFO - newest log time is 2016-07-22 11:16:00, current log time is 2016-07-21 14:16:16
2016-08-15 17:29:31 - INFO - get realtime records : 6514
2016-08-15 17:29:47 - INFO - newest log time is 2016-07-22 11:16:00, current log time is 2016-07-21 15:05:48
2016-08-15 17:29:47 - INFO - get realtime records : 6540
2016-08-15 17:30:03 - INFO - newest log time is 2016-07-22 11:16:00, current log time is 2016-07-21 15:51:03
2016-08-15 17:30:03 - INFO - get realtime records : 6558
2016-08-15 17:30:20 - INFO - newest log time is 2016-07-22 11:16:00, current log time is 2016-07-21 16:41:22
2016-08-15 17:30:20 - INFO - get realtime records : 6549
2016-08-15 17:30:36 - INFO - newest log time is 2016-07-22 11:16:00, current log time is 2016-07-21 17:31:36
2016-08-15 17:30:36 - INFO - get realtime records : 6605
2016-08-15 17:30:52 - INFO - newest log time is 2016-07-22 11:16:00, current log time is 2016-07-21 18:23:22
2016-08-15 17:30:53 - INFO - get realtime records : 7021
2016-08-15 17:31:09 - INFO - newest log time is 2016-07-22 11:16:00, current log time is 2016-07-21 19:15:49
2016-08-15 17:31:09 - INFO - get realtime records : 6796
2016-08-15 17:31:26 - INFO - newest log time is 2016-07-22 11:16:00, current log time is 2016-07-21 20:06:04
2016-08-15 17:31:26 - INFO - get realtime records : 6792
2016-08-15 17:31:42 - INFO - newest log time is 2016-07-22 11:16:00, current log time is 2016-07-21 20:46:27
2016-08-15 17:31:42 - INFO - get realtime records : 6787
2016-08-15 17:31:59 - INFO - newest log time is 2016-07-22 11:16:00, current log time is 2016-07-21 21:31:34
2016-08-15 17:31:59 - INFO - get realtime records : 6673
2016-08-15 17:32:15 - INFO - newest log time is 2016-07-22 11:16:00, current log time is 2016-07-21 22:41:02
2016-08-15 17:32:15 - INFO - get realtime records : 6613
2016-08-15 17:32:31 - INFO - newest log time is 2016-07-22 11:16:00, current log time is 2016-07-21 23:46:10
2016-08-15 17:32:31 - INFO - get realtime records : 6614
2016-08-15 17:32:47 - INFO - newest log time is 2016-07-22 11:16:00, current log time is 2016-07-22 00:31:49
2016-08-15 17:32:47 - INFO - get realtime records : 6627
2016-08-15 17:33:03 - INFO - newest log time is 2016-07-22 11:16:00, current log time is 2016-07-22 01:21:40
2016-08-15 17:33:04 - INFO - get realtime records : 6121
2016-08-15 17:33:20 - INFO - newest log time is 2016-07-22 11:16:00, current log time is 2016-07-22 02:15:31
2016-08-15 17:33:20 - INFO - get realtime records : 5865
2016-08-15 17:33:36 - INFO - newest log time is 2016-07-22 11:16:00, current log time is 2016-07-22 03:06:02
2016-08-15 17:33:36 - INFO - get realtime records : 6664
2016-08-15 17:33:52 - INFO - newest log time is 2016-07-22 11:16:00, current log time is 2016-07-22 03:56:01
2016-08-15 17:33:52 - INFO - get realtime records : 1813
2016-08-15 17:34:08 - INFO - newest log time is 2016-07-22 11:16:00, current log time is 2016-07-22 04:51:53
2016-08-15 17:35:08 - INFO - newest log time is 2016-07-22 11:16:00, current log time is 2016-07-22 09:09:12
2016-08-15 17:36:08 - INFO - newest log time is 2016-07-22 11:16:00, current log time is 2016-07-22 11:16:00
